<?xml version="1.0" encoding="UTF-8"?>
<testng-results ignored="0" total="2" passed="2" failed="0" skipped="0">
  <reporter-output>
  </reporter-output>
  <suite started-at="2021-06-25T22:26:23 EDT" name="Default suite" finished-at="2021-06-25T22:26:52 EDT" duration-ms="29688">
    <groups>
    </groups>
    <test started-at="2021-06-25T22:26:23 EDT" name="Default test" finished-at="2021-06-25T22:26:52 EDT" duration-ms="29688">
      <class name="abc.secondclass">
        <test-method is-config="true" signature="setUpClass()[pri:0, instance:abc.secondclass@6a370f4]" started-at="2021-06-25T22:26:23 EDT" name="setUpClass" finished-at="2021-06-25T22:26:23 EDT" duration-ms="38" status="PASS">
          <reporter-output>
          </reporter-output>
        </test-method> <!-- setUpClass -->
        <test-method signature="buttons()[pri:0, instance:abc.secondclass@6a370f4]" started-at="2021-06-25T22:26:23 EDT" name="buttons" finished-at="2021-06-25T22:26:38 EDT" duration-ms="14850" status="PASS">
          <reporter-output>
          </reporter-output>
        </test-method> <!-- buttons -->
        <test-method signature="imagess()[pri:0, instance:abc.secondclass@6a370f4]" started-at="2021-06-25T22:26:38 EDT" name="imagess" finished-at="2021-06-25T22:26:52 EDT" duration-ms="14588" status="PASS">
          <reporter-output>
          </reporter-output>
        </test-method> <!-- imagess -->
      </class> <!-- abc.secondclass -->
    </test> <!-- Default test -->
  </suite> <!-- Default suite -->
</testng-results>
